<?xml version="1.0" encoding="UTF-8"?>
<robot generator="Robot 5.0.1 (Python 3.10.4 on win32)" generated="20220915 13:22:08.086" rpa="false" schemaversion="3">
<suite id="s1" name="Dummy" source="C:\Users\rajas\PycharmProjects\robotframework-admincastindia\testcases\dummy.robot">
<test id="s1-t1" name="radiobutton" line="5">
<kw name="Open Browser" library="SeleniumLibrary">
<arg>https://demoqa.com/radio-button</arg>
<arg>chrome</arg>
<doc>Opens a new browser instance to the optional ``url``.</doc>
<msg timestamp="20220915 13:22:08.409" level="INFO">Opening browser 'chrome' to base url 'https://demoqa.com/radio-button'.</msg>
<status status="PASS" starttime="20220915 13:22:08.409" endtime="20220915 13:22:15.435"/>
</kw>
<kw name="Maximize Browser Window" library="SeleniumLibrary">
<doc>Maximizes current browser window.</doc>
<status status="PASS" starttime="20220915 13:22:15.480" endtime="20220915 13:22:15.704"/>
</kw>
<kw name="Sleep" library="BuiltIn">
<arg>5</arg>
<doc>Pauses the test executed for the given time.</doc>
<msg timestamp="20220915 13:22:20.713" level="INFO">Slept 5 seconds</msg>
<status status="PASS" starttime="20220915 13:22:15.707" endtime="20220915 13:22:20.713"/>
</kw>
<kw name="Click Element" library="SeleniumLibrary">
<arg>//*[@id="app"]/div/div/div[2]/div[2]/div[2]/div[2]/label</arg>
<doc>Click the element identified by ``locator``.</doc>
<msg timestamp="20220915 13:22:20.721" level="INFO">Clicking element '//*[@id="app"]/div/div/div[2]/div[2]/div[2]/div[2]/label'.</msg>
<status status="PASS" starttime="20220915 13:22:20.720" endtime="20220915 13:22:20.838"/>
</kw>
<status status="PASS" starttime="20220915 13:22:08.408" endtime="20220915 13:22:20.841"/>
</test>
<status status="PASS" starttime="20220915 13:22:08.089" endtime="20220915 13:22:20.857"/>
</suite>
<statistics>
<total>
<stat pass="1" fail="0" skip="0">All Tests</stat>
</total>
<tag>
</tag>
<suite>
<stat pass="1" fail="0" skip="0" id="s1" name="Dummy">Dummy</stat>
</suite>
</statistics>
<errors>
</errors>
</robot>
